2024-01-25 11:13:59,349 [INFO] Activator:176 - 


2024-01-25 11:13:59,353 [INFO] Activator:177 - !SESSION log4j initialized
2024-01-25 11:14:04,262 [INFO] LogOutputStream:77 - [STDOUT_REDIRECT] 
2024-01-25 11:14:08,200 [INFO] ApplicationProperties:184 - Using Application install path: C:\ST\STM32CubeIDE_1.10.1\STM32CubeIDE\plugins\com.st.stm32cube.common.mx_6.10.0.202311202037
2024-01-25 11:14:08,229 [INFO] DbMcusXml:78 - Set database path to: C:\ST\STM32CubeIDE_1.10.1\STM32CubeIDE\plugins\com.st.stm32cube.common.mx_6.10.0.202311202037\\db\/mcu/
2024-01-25 11:14:08,229 [INFO] ApiDb:274 - Set plugin database path to: C:\ST\STM32CubeIDE_1.10.1\STM32CubeIDE\plugins\com.st.stm32cube.common.mx_6.10.0.202311202037\\db\/plugins/boardmanager/
2024-01-25 11:14:08,231 [WARN] ApiDb:259 - Overriding images path with different value:  => C:\ST\STM32CubeIDE_1.10.1\STM32CubeIDE\plugins\com.st.stm32cube.common.mx_6.10.0.202311202037\\db\/plugins/mcufinder/images/
2024-01-25 11:14:08,245 [INFO] ApiDb:250 - Set database path to: C:\Users\ferga\.stmcufinder\plugins\mcufinder//mcu/
2024-01-25 11:14:08,246 [INFO] DbMcusAds:125 - Set database path to: C:\Users\ferga\.stmcufinder\plugins\mcufinder//mcu/
2024-01-25 11:14:08,249 [INFO] CrossReferenceDbSqlite:203 - Set database path to: C:\Users\ferga\.stmcufinder\plugins\mcufinder//mcu/cs/
2024-01-25 11:14:08,439 [INFO] RulesReader:64 - Compatibility file has been processed (297 Rules)
2024-01-25 11:14:08,584 [INFO] DbMcusXml:78 - Set database path to: C:\ST\STM32CubeIDE_1.10.1\STM32CubeIDE\plugins\com.st.stm32cube.common.mx_6.10.0.202311202037\\db\/mcu/
2024-01-25 11:14:08,584 [INFO] ApiDb:274 - Set plugin database path to: C:\ST\STM32CubeIDE_1.10.1\STM32CubeIDE\plugins\com.st.stm32cube.common.mx_6.10.0.202311202037\\db\/plugins/boardmanager/
2024-01-25 11:14:08,584 [INFO] ApiDb:261 - Set plugin images path to: C:\ST\STM32CubeIDE_1.10.1\STM32CubeIDE\plugins\com.st.stm32cube.common.mx_6.10.0.202311202037\\db\/plugins/mcufinder/images/
2024-01-25 11:14:08,584 [WARN] DbFile:41 - Overriding database path with different value: C:\Users\ferga\.stmcufinder\plugins\mcufinder/ => C:\Users\ferga\.stmcufinder\plugins\mcufinder
2024-01-25 11:14:08,584 [INFO] ApiDb:250 - Set database path to: C:\Users\ferga\.stmcufinder\plugins\mcufinder//mcu/
2024-01-25 11:14:08,586 [WARN] DbFile:41 - Overriding database path with different value: C:\Users\ferga\.stmcufinder\plugins\mcufinder/ => C:\Users\ferga\.stmcufinder\plugins\mcufinder
2024-01-25 11:14:08,586 [INFO] DbMcusAds:125 - Set database path to: C:\Users\ferga\.stmcufinder\plugins\mcufinder//mcu/
2024-01-25 11:14:08,586 [WARN] DbFile:41 - Overriding database path with different value: C:\Users\ferga\.stmcufinder\plugins\mcufinder/ => C:\Users\ferga\.stmcufinder\plugins\mcufinder
2024-01-25 11:14:08,586 [WARN] DbFile:41 - Overriding database path with different value: C:\Users\ferga\.stmcufinder\plugins\mcufinder/ => C:\Users\ferga\.stmcufinder\plugins\mcufinder
2024-01-25 11:14:08,586 [INFO] CrossReferenceDbSqlite:203 - Set database path to: C:\Users\ferga\.stmcufinder\plugins\mcufinder//mcu/cs/
2024-01-25 11:14:08,715 [INFO] MainPanel:264 - HeapMemory: 268435456
2024-01-25 11:14:08,899 [INFO] DbMcusXml:78 - Set database path to: C:\ST\STM32CubeIDE_1.10.1\STM32CubeIDE\plugins\com.st.stm32cube.common.mx_6.10.0.202311202037\\db\/mcu/
2024-01-25 11:14:08,899 [INFO] ApiDb:274 - Set plugin database path to: C:\ST\STM32CubeIDE_1.10.1\STM32CubeIDE\plugins\com.st.stm32cube.common.mx_6.10.0.202311202037\\db\/plugins/boardmanager/
2024-01-25 11:14:08,900 [INFO] ApiDb:261 - Set plugin images path to: C:\ST\STM32CubeIDE_1.10.1\STM32CubeIDE\plugins\com.st.stm32cube.common.mx_6.10.0.202311202037\\db\/plugins/mcufinder/images/
2024-01-25 11:14:08,900 [WARN] DbFile:41 - Overriding database path with different value: C:\Users\ferga\.stmcufinder\plugins\mcufinder/ => C:\Users\ferga\.stmcufinder\plugins\mcufinder
2024-01-25 11:14:08,901 [INFO] ApiDb:250 - Set database path to: C:\Users\ferga\.stmcufinder\plugins\mcufinder//mcu/
2024-01-25 11:14:08,901 [WARN] DbFile:41 - Overriding database path with different value: C:\Users\ferga\.stmcufinder\plugins\mcufinder/ => C:\Users\ferga\.stmcufinder\plugins\mcufinder
2024-01-25 11:14:08,901 [INFO] DbMcusAds:125 - Set database path to: C:\Users\ferga\.stmcufinder\plugins\mcufinder//mcu/
2024-01-25 11:14:08,902 [WARN] DbFile:41 - Overriding database path with different value: C:\Users\ferga\.stmcufinder\plugins\mcufinder/ => C:\Users\ferga\.stmcufinder\plugins\mcufinder
2024-01-25 11:14:08,902 [WARN] DbFile:41 - Overriding database path with different value: C:\Users\ferga\.stmcufinder\plugins\mcufinder/ => C:\Users\ferga\.stmcufinder\plugins\mcufinder
2024-01-25 11:14:08,902 [INFO] CrossReferenceDbSqlite:203 - Set database path to: C:\Users\ferga\.stmcufinder\plugins\mcufinder//mcu/cs/
2024-01-25 11:14:08,951 [INFO] ApplicationProperties:184 - Using Application install path: C:\ST\STM32CubeIDE_1.10.1\STM32CubeIDE\plugins\com.st.stm32cube.common.mx_6.10.0.202311202037
2024-01-25 11:14:08,955 [INFO] PluginManage:196 - Search for loadable plugins [exclusion list=, ]
2024-01-25 11:14:08,959 [INFO] PluginManage:310 - Check plugin analytics
2024-01-25 11:14:09,719 [INFO] AnalyticsPlugin:253 - Accepted Software Licenses: 
2024-01-25 11:14:09,719 [INFO] AnalyticsPlugin:255 - Accepted CMSIS Pack Licenses: 
2024-01-25 11:14:09,720 [INFO] AnalyticsPlugin:257 - Accepted Firmware Licenses: FW.F7.1.17.0
2024-01-25 11:14:09,729 [INFO] PluginManage:359 - Loaded plugin analytics (category:tool,tabindex:-1)
2024-01-25 11:14:09,730 [INFO] PluginManage:310 - Check plugin cadmodel
2024-01-25 11:14:09,781 [INFO] CADModel:105 - Init CAD model plugin
2024-01-25 11:14:09,782 [INFO] PluginManage:359 - Loaded plugin cadmodel (category:power,tabindex:5)
2024-01-25 11:14:09,782 [INFO] PluginManage:310 - Check plugin clock
2024-01-25 11:14:09,864 [INFO] PluginManage:359 - Loaded plugin clock (category:base,tabindex:2)
2024-01-25 11:14:09,865 [INFO] PluginManage:310 - Check plugin ddr
2024-01-25 11:14:09,890 [INFO] PluginManage:359 - Loaded plugin ddr (category:tool,tabindex:6)
2024-01-25 11:14:09,891 [INFO] PluginManage:310 - Check plugin filemanager
2024-01-25 11:14:10,309 [INFO] PluginManage:359 - Loaded plugin filemanager (category:base,tabindex:10)
2024-01-25 11:14:10,309 [INFO] PluginManage:310 - Check plugin ipmanager
2024-01-25 11:14:10,332 [INFO] PluginManage:359 - Loaded plugin ipmanager (category:base,tabindex:5)
2024-01-25 11:14:10,332 [INFO] PluginManage:310 - Check plugin lpbam
2024-01-25 11:14:10,434 [INFO] PluginManage:359 - Loaded plugin lpbam (category:base,tabindex:0)
2024-01-25 11:14:10,435 [INFO] PluginManage:310 - Check plugin memorymap
2024-01-25 11:14:10,554 [INFO] PluginManage:359 - Loaded plugin memorymap (category:base,tabindex:4)
2024-01-25 11:14:10,554 [INFO] PluginManage:310 - Check plugin pinoutandconfiguration
2024-01-25 11:14:10,607 [INFO] PluginManage:359 - Loaded plugin pinoutandconfiguration (category:base,tabindex:1)
2024-01-25 11:14:10,608 [INFO] PluginManage:310 - Check plugin pinoutconfig
2024-01-25 11:14:10,996 [WARN] SupportedApi:132 - Cannot load RTOS API schema: s4s-elt-must-match.1: The content of 'definitions' must match (annotation?, (simpleType | complexType)?, (unique | key | keyref)*)). A problem was found starting at: attribute.
2024-01-25 11:14:11,871 [INFO] PluginManage:359 - Loaded plugin pinoutconfig (category:base,tabindex:0)
2024-01-25 11:14:11,871 [INFO] PluginManage:310 - Check plugin power
2024-01-25 11:14:11,949 [INFO] PluginManage:359 - Loaded plugin power (category:power,tabindex:4)
2024-01-25 11:14:11,950 [INFO] PluginManage:310 - Check plugin projectmanager
2024-01-25 11:14:12,012 [INFO] PluginManage:359 - Loaded plugin projectmanager (category:projectmanager,tabindex:3)
2024-01-25 11:14:12,012 [INFO] PluginManage:310 - Check plugin thirdparty
2024-01-25 11:14:12,842 [INFO] PluginManage:359 - Loaded plugin thirdparty (category:base,tabindex:-1)
2024-01-25 11:14:12,843 [INFO] PluginManage:310 - Check plugin tools
2024-01-25 11:14:12,842 [WARN] IntegrityCheckThread:84 - waiting for thirdparty lock release [integrity check]
2024-01-25 11:14:12,843 [INFO] IntegrityCheckThread:86 - entering critical section [integrity check]
2024-01-25 11:14:12,845 [INFO] ThirdPartyUpdaterWithRetryManager:70 - Updater plugin not ready yet. [1/15]
2024-01-25 11:14:12,922 [INFO] PluginManage:359 - Loaded plugin tools (category:base,tabindex:7)
2024-01-25 11:14:12,923 [INFO] PluginManage:310 - Check plugin tutovideos
2024-01-25 11:14:13,476 [INFO] PluginManage:359 - Loaded plugin tutovideos (category:base,tabindex:-1)
2024-01-25 11:14:13,476 [INFO] PluginManage:310 - Check plugin updater
2024-01-25 11:14:13,498 [INFO] PluginManage:359 - Loaded plugin updater (category:base,tabindex:12)
2024-01-25 11:14:13,498 [INFO] PluginManage:310 - Check plugin userauth
2024-01-25 11:14:13,509 [INFO] UserAuth:114 - Init User Auth plugin
2024-01-25 11:14:13,509 [INFO] PluginManage:359 - Loaded plugin userauth (category:base,tabindex:14)
2024-01-25 11:14:13,509 [INFO] PluginManage:283 - PluginManage : Loaded plugins [17]
2024-01-25 11:14:13,934 [INFO] PinOutPanel:1499 - setPackage(No Configuration,No Configuration)
2024-01-25 11:14:14,042 [INFO] CADModel:165 - CPN selected for project level
2024-01-25 11:14:14,042 [INFO] CADModel:114 - Register for checkConnection events
2024-01-25 11:14:14,074 [INFO] IPUIPlugin:80 - create IPUIPlugin
2024-01-25 11:14:14,074 [INFO] PluginManager:220 - loadIPPluginJar : add adc
2024-01-25 11:14:14,116 [INFO] IPUIPlugin:80 - create IPUIPlugin
2024-01-25 11:14:14,116 [INFO] PluginManager:220 - loadIPPluginJar : add aes
2024-01-25 11:14:14,190 [INFO] IPUIPlugin:80 - create IPUIPlugin
2024-01-25 11:14:14,191 [INFO] PluginManager:220 - loadIPPluginJar : add can
2024-01-25 11:14:14,239 [INFO] IPUIPlugin:80 - create IPUIPlugin
2024-01-25 11:14:14,239 [INFO] PluginManager:220 - loadIPPluginJar : add comp
2024-01-25 11:14:14,285 [INFO] IPUIPlugin:80 - create IPUIPlugin
2024-01-25 11:14:14,286 [INFO] PluginManager:220 - loadIPPluginJar : add cryp
2024-01-25 11:14:14,320 [INFO] IPUIPlugin:80 - create IPUIPlugin
2024-01-25 11:14:14,320 [INFO] PluginManager:220 - loadIPPluginJar : add dfsdm
2024-01-25 11:14:14,338 [INFO] IPUIPlugin:80 - create IPUIPlugin
2024-01-25 11:14:14,338 [INFO] PluginManager:220 - loadIPPluginJar : add dma
2024-01-25 11:14:14,413 [INFO] IPUIPlugin:80 - create IPUIPlugin
2024-01-25 11:14:14,413 [INFO] PluginManager:220 - loadIPPluginJar : add dma3
2024-01-25 11:14:14,457 [INFO] IPUIPlugin:80 - create IPUIPlugin
2024-01-25 11:14:14,458 [INFO] PluginManager:220 - loadIPPluginJar : add fatfs
2024-01-25 11:14:14,552 [INFO] IPUIPlugin:80 - create IPUIPlugin
2024-01-25 11:14:14,552 [INFO] PluginManager:220 - loadIPPluginJar : add fmc
2024-01-25 11:14:14,586 [INFO] IPUIPlugin:80 - create IPUIPlugin
2024-01-25 11:14:14,586 [INFO] PluginManager:220 - loadIPPluginJar : add freertos
2024-01-25 11:14:14,643 [INFO] IPUIPlugin:80 - create IPUIPlugin
2024-01-25 11:14:14,643 [INFO] PluginManager:220 - loadIPPluginJar : add genericplugin
2024-01-25 11:14:14,817 [INFO] IPUIPlugin:80 - create IPUIPlugin
2024-01-25 11:14:14,817 [INFO] PluginManager:220 - loadIPPluginJar : add gfxmmu
2024-01-25 11:14:14,994 [INFO] IPUIPlugin:80 - create IPUIPlugin
2024-01-25 11:14:14,994 [INFO] PluginManager:220 - loadIPPluginJar : add gic
2024-01-25 11:14:15,010 [INFO] IPUIPlugin:80 - create IPUIPlugin
2024-01-25 11:14:15,010 [INFO] PluginManager:220 - loadIPPluginJar : add gpio
2024-01-25 11:14:15,128 [INFO] IPUIPlugin:80 - create IPUIPlugin
2024-01-25 11:14:15,128 [INFO] PluginManager:220 - loadIPPluginJar : add gtzc
2024-01-25 11:14:15,179 [INFO] IPUIPlugin:80 - create IPUIPlugin
2024-01-25 11:14:15,179 [INFO] PluginManager:220 - loadIPPluginJar : add hash
2024-01-25 11:14:15,283 [INFO] IPUIPlugin:80 - create IPUIPlugin
2024-01-25 11:14:15,283 [INFO] PluginManager:220 - loadIPPluginJar : add i2c
2024-01-25 11:14:15,366 [INFO] IPUIPlugin:80 - create IPUIPlugin
2024-01-25 11:14:15,366 [INFO] PluginManager:220 - loadIPPluginJar : add i2s
2024-01-25 11:14:15,457 [INFO] IPUIPlugin:80 - create IPUIPlugin
2024-01-25 11:14:15,457 [INFO] PluginManager:220 - loadIPPluginJar : add i3c
2024-01-25 11:14:15,617 [INFO] IPUIPlugin:80 - create IPUIPlugin
2024-01-25 11:14:15,617 [INFO] PluginManager:220 - loadIPPluginJar : add ipddr
2024-01-25 11:14:15,748 [INFO] IPUIPlugin:80 - create IPUIPlugin
2024-01-25 11:14:15,748 [INFO] PluginManager:220 - loadIPPluginJar : add linkedlist
2024-01-25 11:14:15,844 [INFO] IPUIPlugin:80 - create IPUIPlugin
2024-01-25 11:14:15,844 [INFO] PluginManager:220 - loadIPPluginJar : add lorawan
2024-01-25 11:14:15,845 [INFO] ThirdPartyUpdaterWithRetryManager:70 - Updater plugin not ready yet. [2/15]
2024-01-25 11:14:15,956 [INFO] IPUIPlugin:80 - create IPUIPlugin
2024-01-25 11:14:15,956 [INFO] PluginManager:220 - loadIPPluginJar : add ltdc
2024-01-25 11:14:15,992 [INFO] IPUIPlugin:80 - create IPUIPlugin
2024-01-25 11:14:15,993 [INFO] PluginManager:220 - loadIPPluginJar : add mdma
2024-01-25 11:14:16,019 [INFO] IPUIPlugin:80 - create IPUIPlugin
2024-01-25 11:14:16,020 [INFO] PluginManager:220 - loadIPPluginJar : add nvic
2024-01-25 11:14:16,123 [INFO] IPUIPlugin:80 - create IPUIPlugin
2024-01-25 11:14:16,123 [INFO] PluginManager:220 - loadIPPluginJar : add opamp
2024-01-25 11:14:16,261 [INFO] IPUIPlugin:80 - create IPUIPlugin
2024-01-25 11:14:16,261 [INFO] PluginManager:220 - loadIPPluginJar : add openamp
2024-01-25 11:14:16,321 [INFO] IPUIPlugin:80 - create IPUIPlugin
2024-01-25 11:14:16,321 [INFO] PluginManager:220 - loadIPPluginJar : add pdm2pcm
2024-01-25 11:14:16,361 [INFO] IPUIPlugin:80 - create IPUIPlugin
2024-01-25 11:14:16,368 [INFO] PluginManager:220 - loadIPPluginJar : add plateformsettings
2024-01-25 11:14:16,435 [INFO] IPUIPlugin:80 - create IPUIPlugin
2024-01-25 11:14:16,435 [INFO] PluginManager:220 - loadIPPluginJar : add quadspi
2024-01-25 11:14:16,478 [INFO] IPUIPlugin:80 - create IPUIPlugin
2024-01-25 11:14:16,478 [INFO] PluginManager:220 - loadIPPluginJar : add resmgrutility
2024-01-25 11:14:16,599 [INFO] IPUIPlugin:80 - create IPUIPlugin
2024-01-25 11:14:16,599 [INFO] PluginManager:220 - loadIPPluginJar : add sai
2024-01-25 11:14:16,696 [INFO] IPUIPlugin:80 - create IPUIPlugin
2024-01-25 11:14:16,696 [INFO] PluginManager:220 - loadIPPluginJar : add spi
2024-01-25 11:14:16,849 [INFO] IPUIPlugin:80 - create IPUIPlugin
2024-01-25 11:14:16,849 [INFO] PluginManager:220 - loadIPPluginJar : add stm32_wpan
2024-01-25 11:14:16,875 [INFO] IPUIPlugin:80 - create IPUIPlugin
2024-01-25 11:14:16,875 [INFO] PluginManager:220 - loadIPPluginJar : add tim
2024-01-25 11:14:16,978 [INFO] IPUIPlugin:80 - create IPUIPlugin
2024-01-25 11:14:16,978 [INFO] PluginManager:220 - loadIPPluginJar : add touchsensing
2024-01-25 11:14:17,029 [INFO] IPUIPlugin:80 - create IPUIPlugin
2024-01-25 11:14:17,029 [INFO] PluginManager:220 - loadIPPluginJar : add tracer_emb
2024-01-25 11:14:17,078 [INFO] IPUIPlugin:80 - create IPUIPlugin
2024-01-25 11:14:17,079 [INFO] PluginManager:220 - loadIPPluginJar : add ts
2024-01-25 11:14:17,122 [INFO] IPUIPlugin:80 - create IPUIPlugin
2024-01-25 11:14:17,123 [INFO] PluginManager:220 - loadIPPluginJar : add tsc
2024-01-25 11:14:17,169 [INFO] IPUIPlugin:80 - create IPUIPlugin
2024-01-25 11:14:17,169 [INFO] PluginManager:220 - loadIPPluginJar : add ucpd
2024-01-25 11:14:17,261 [INFO] IPUIPlugin:80 - create IPUIPlugin
2024-01-25 11:14:17,261 [INFO] PluginManager:220 - loadIPPluginJar : add usart
2024-01-25 11:14:17,369 [INFO] IPUIPlugin:80 - create IPUIPlugin
2024-01-25 11:14:17,369 [INFO] PluginManager:220 - loadIPPluginJar : add usbx
2024-01-25 11:14:17,646 [INFO] CADModel:165 - CPN selected for project level
2024-01-25 11:14:17,646 [INFO] CADModel:114 - Register for checkConnection events
2024-01-25 11:14:17,647 [FATAL] Updater:308 - Updater called before beeing initialized
2024-01-25 11:14:17,647 [ERROR] CADModel:125 - Updater not yet initialized, retry later 
2024-01-25 11:14:18,030 [INFO] CADModel:165 - CPN selected for project level
2024-01-25 11:14:18,030 [INFO] CADModel:114 - Register for checkConnection events
2024-01-25 11:14:18,030 [FATAL] Updater:308 - Updater called before beeing initialized
2024-01-25 11:14:18,030 [ERROR] CADModel:125 - Updater not yet initialized, retry later 
2024-01-25 11:14:18,040 [FATAL] Updater:308 - Updater called before beeing initialized
2024-01-25 11:14:18,445 [FATAL] Updater:308 - Updater called before beeing initialized
2024-01-25 11:14:18,475 [INFO] DbMcusAds:53 - JSON generation date=Wed Nov 29 11:52:27 CET 2023 (1701255147349)
2024-01-25 11:14:18,475 [FATAL] Updater:308 - Updater called before beeing initialized
2024-01-25 11:14:18,727 [WARN] DetailPanel:346 - Failed to get advertising image, set to default
2024-01-25 11:14:18,847 [INFO] ThirdPartyUpdaterWithRetryManager:70 - Updater plugin not ready yet. [3/15]
2024-01-25 11:14:18,908 [FATAL] Updater:308 - Updater called before beeing initialized
2024-01-25 11:14:18,910 [FATAL] Updater:308 - Updater called before beeing initialized
2024-01-25 11:14:18,910 [FATAL] Updater:308 - Updater called before beeing initialized
2024-01-25 11:14:18,910 [WARN] DetailPanel:346 - Failed to get advertising image, set to default
2024-01-25 11:14:18,911 [FATAL] Updater:308 - Updater called before beeing initialized
2024-01-25 11:14:18,987 [ERROR] Updater:1120 - MainUpdater not yet initialized. External WinMGr cannot be set.
2024-01-25 11:14:18,998 [INFO] Updater:1056 - Updater Version found : 6.10.0
2024-01-25 11:14:19,020 [INFO] ApplicationProperties:184 - Using Application install path: C:\ST\STM32CubeIDE_1.10.1\STM32CubeIDE\plugins\com.st.stm32cube.common.mx_6.10.0.202311202037
2024-01-25 11:14:20,615 [ERROR] LogOutputStream:75 - [STDERR_REDIRECT] Jan 25, 2024 11:14:20 AM java.util.prefs.WindowsPreferences <init>
2024-01-25 11:14:20,622 [ERROR] LogOutputStream:75 - [STDERR_REDIRECT] WARNING: Could not open/create prefs root node Software\JavaSoft\Prefs at root 0xffffffff80000002. Windows RegCreateKeyEx(...) returned error code 5.
2024-01-25 11:14:20,622 [ERROR] LogOutputStream:75 - [STDERR_REDIRECT] 
2024-01-25 11:14:21,306 [INFO] MainUpdater:2873 - connection check result : 10
2024-01-25 11:14:21,308 [INFO] MainUpdater:290 - Updater Check For Update Now.
2024-01-25 11:14:21,308 [INFO] MicroXplorer:498 - Change Database Version : DB.6.0.100
2024-01-25 11:14:21,358 [INFO] McuFinderGlobals:63 - Set McuFinder mode to 2 (CubeIDE integrated)
2024-01-25 11:14:21,359 [INFO] UserAuth:180 - activating auth plugin
2024-01-25 11:14:21,367 [INFO] UserAuth:404 - Internet connection configuration mode: 1
2024-01-25 11:14:21,459 [INFO] JxBrowserEngine:152 - Initiate JxBrowser Engine with user profile folder
2024-01-25 11:14:21,728 [INFO] CheckServerUpdateThread:120 - End of CheckServer Thread
2024-01-25 11:14:22,294 [WARN] PackLoader:240 - Cannot read IP mode file for STMicroelectronics.X-CUBE-SMBUS.2.1.0
2024-01-25 11:14:22,322 [WARN] PackLoader:240 - Cannot read IP mode file for STMicroelectronics.X-CUBE-TOUCHGFX.4.23.0
2024-01-25 11:14:22,389 [WARN] PackLoader:240 - Cannot read IP mode file for STMicroelectronics.X-CUBE-AZRTOS-F7.1.1.0
2024-01-25 11:14:22,414 [WARN] PackLoader:240 - Cannot read IP mode file for STMicroelectronics.FP-SNS-MOTENV1.4.3.2
2024-01-25 11:14:22,434 [WARN] PackLoader:240 - Cannot read IP mode file for STMicroelectronics.FP-SNS-FLIGHT1.5.0.2
2024-01-25 11:14:22,454 [WARN] PackLoader:240 - Cannot read IP mode file for STMicroelectronics.X-CUBE-DISPLAY.3.0.0
2024-01-25 11:14:22,478 [WARN] PackLoader:240 - Cannot read IP mode file for STMicroelectronics.X-CUBE-BLE1.7.0.0
2024-01-25 11:14:22,494 [WARN] PackLoader:240 - Cannot read IP mode file for emotas.I-CUBE-CANOPEN.1.3.0
2024-01-25 11:14:22,507 [WARN] PackLoader:240 - Cannot read IP mode file for STMicroelectronics.X-CUBE-TOUCHGFX.4.22.1
2024-01-25 11:14:22,521 [WARN] PackLoader:240 - Cannot read IP mode file for STMicroelectronics.FP-SNS-SMARTAG2.1.2.0
2024-01-25 11:14:22,550 [INFO] LogOutputStream:77 - [STDOUT_REDIRECT] 1 : Invalid condition id : UX_CORESTACK_Condition cause : null
2024-01-25 11:14:22,551 [INFO] LogOutputStream:77 - [STDOUT_REDIRECT] 1 : Invalid condition id : UX_CORESTACK_Condition cause : null
2024-01-25 11:14:22,553 [INFO] LogOutputStream:77 - [STDOUT_REDIRECT] 1 : Invalid condition id : UX_CORESTACK_Condition cause : null
2024-01-25 11:14:22,555 [INFO] LogOutputStream:77 - [STDOUT_REDIRECT] 1 : Invalid condition id : UX_CORESTACK_Condition cause : null
2024-01-25 11:14:22,556 [INFO] LogOutputStream:77 - [STDOUT_REDIRECT] 1 : Invalid condition id : UX_CORESTACK_Condition cause : null
2024-01-25 11:14:22,562 [WARN] PackLoader:240 - Cannot read IP mode file for STMicroelectronics.X-CUBE-AZRTOS-WL.2.0.0
2024-01-25 11:14:22,586 [WARN] PackLoader:240 - Cannot read IP mode file for WES.I-CUBE-Cesium.1.3.0
2024-01-25 11:14:22,599 [WARN] PackLoader:240 - Cannot read IP mode file for STMicroelectronics.X-CUBE-BLE2.3.3.0
2024-01-25 11:14:22,614 [WARN] PackLoader:240 - Cannot read IP mode file for STMicroelectronics.X-CUBE-ALGOBUILD.1.3.0
2024-01-25 11:14:22,659 [WARN] PackLoader:240 - Cannot read IP mode file for STMicroelectronics.X-CUBE-AZRTOS-G0.1.1.0
2024-01-25 11:14:22,679 [WARN] PackLoader:240 - Cannot read IP mode file for STMicroelectronics.X-CUBE-NFC4.3.0.0
2024-01-25 11:14:22,699 [WARN] PackLoader:240 - Cannot read IP mode file for STMicroelectronics.X-CUBE-BLEMGR.3.0.0
2024-01-25 11:14:22,714 [WARN] PackLoader:240 - Cannot read IP mode file for STMicroelectronics.FP-ATR-SIGFOX1.3.2.0
2024-01-25 11:14:22,763 [WARN] PackLoader:240 - Cannot read IP mode file for SEGGER.I-CUBE-embOS.1.3.1
2024-01-25 11:14:22,817 [WARN] PackLoader:240 - Cannot read IP mode file for STMicroelectronics.X-CUBE-GNSS1.6.0.0
2024-01-25 11:14:22,848 [WARN] PackLoader:240 - Cannot read IP mode file for STMicroelectronics.X-CUBE-AZRTOS-F4.1.1.0
2024-01-25 11:14:22,888 [WARN] PackLoader:240 - Cannot read IP mode file for STMicroelectronics.X-CUBE-AZRTOS-L5.2.0.0
2024-01-25 11:14:22,951 [WARN] PackLoader:240 - Cannot read IP mode file for STMicroelectronics.X-CUBE-MEMS1.9.6.0
2024-01-25 11:14:23,111 [WARN] PackLoader:240 - Cannot read IP mode file for STMicroelectronics.X-CUBE-EEPRMA1.4.2.0
2024-01-25 11:14:23,124 [WARN] PackLoader:240 - Cannot read IP mode file for ITTIA_DB.I-CUBE-ITTIADB.8.8.0
2024-01-25 11:14:23,140 [WARN] PackLoader:240 - Cannot read IP mode file for STMicroelectronics.X-CUBE-BLEMGR.2.0.0
2024-01-25 11:14:23,182 [WARN] ConditionMgr:438 - getConditionDescription Invalid condition id : UX DEVICE CLASS RTOS Condition cause : null
2024-01-25 11:14:23,182 [WARN] ConditionMgr:438 - getConditionDescription Invalid condition id : UX DEVICE CLASS RTOS Condition cause : null
2024-01-25 11:14:23,187 [WARN] PackLoader:240 - Cannot read IP mode file for STMicroelectronics.X-CUBE-AZRTOS-H7.3.1.0
2024-01-25 11:14:23,187 [WARN] ConditionMgr:1039 - genDependencies : Invalid condition id : UX DEVICE CLASS RTOS Condition cause : null
2024-01-25 11:14:23,188 [WARN] ConditionMgr:1039 - genDependencies : Invalid condition id : UX DEVICE CLASS RTOS Condition cause : null
2024-01-25 11:14:23,188 [WARN] ConditionMgr:1039 - genDependencies : Invalid condition id : UX DEVICE CLASS RTOS Condition cause : null
2024-01-25 11:14:23,188 [WARN] ConditionMgr:1039 - genDependencies : Invalid condition id : UX DEVICE CLASS RTOS Condition cause : null
2024-01-25 11:14:23,188 [WARN] ConditionMgr:1039 - genDependencies : Invalid condition id : UX DEVICE CLASS RTOS Condition cause : null
2024-01-25 11:14:23,204 [WARN] PackLoader:240 - Cannot read IP mode file for STMicroelectronics.X-CUBE-NFC7.1.0.1
2024-01-25 11:14:23,222 [WARN] PackLoader:240 - Cannot read IP mode file for STMicroelectronics.X-CUBE-NFC6.3.0.0
2024-01-25 11:14:23,238 [WARN] PackLoader:240 - Cannot read IP mode file for STMicroelectronics.X-CUBE-EEPRMA1.4.1.0
2024-01-25 11:14:23,255 [WARN] PackLoader:240 - Cannot read IP mode file for STMicroelectronics.X-CUBE-AI.8.1.0
2024-01-25 11:14:23,293 [WARN] ConditionMgr:438 - getConditionDescription Invalid condition id : LAN8742 Phy interface Condition cause : null
2024-01-25 11:14:23,293 [WARN] PackLoader:240 - Cannot read IP mode file for STMicroelectronics.X-CUBE-AZRTOS-L4.2.0.0
2024-01-25 11:14:23,298 [WARN] ConditionMgr:1039 - genDependencies : Invalid condition id : LAN8742 Phy interface Condition cause : null
2024-01-25 11:14:23,299 [WARN] ConditionMgr:1039 - genDependencies : Invalid condition id : LAN8742 Phy interface Condition cause : null
2024-01-25 11:14:23,300 [WARN] ConditionMgr:1039 - genDependencies : Invalid condition id : LAN8742 Phy interface Condition cause : null
2024-01-25 11:14:23,316 [WARN] PackLoader:240 - Cannot read IP mode file for STMicroelectronics.X-CUBE-SFXS2LP1.4.0.0
2024-01-25 11:14:23,331 [WARN] PackLoader:240 - Cannot read IP mode file for STMicroelectronics.X-CUBE-ISPU.1.1.0
2024-01-25 11:14:23,361 [WARN] ConditionMgr:438 - getConditionDescription Invalid condition id : UX DEVICE CLASS RTOS Condition cause : null
2024-01-25 11:14:23,361 [WARN] ConditionMgr:438 - getConditionDescription Invalid condition id : UX DEVICE CLASS RTOS Condition cause : null
2024-01-25 11:14:23,363 [WARN] PackLoader:240 - Cannot read IP mode file for STMicroelectronics.X-CUBE-AZRTOS-WB.2.0.0
2024-01-25 11:14:23,364 [WARN] ConditionMgr:1039 - genDependencies : Invalid condition id : UX DEVICE CLASS RTOS Condition cause : null
2024-01-25 11:14:23,364 [WARN] ConditionMgr:1039 - genDependencies : Invalid condition id : UX DEVICE CLASS RTOS Condition cause : null
2024-01-25 11:14:23,365 [WARN] ConditionMgr:1039 - genDependencies : Invalid condition id : UX DEVICE CLASS RTOS Condition cause : null
2024-01-25 11:14:23,365 [WARN] ConditionMgr:1039 - genDependencies : Invalid condition id : UX DEVICE CLASS RTOS Condition cause : null
2024-01-25 11:14:23,365 [WARN] ConditionMgr:1039 - genDependencies : Invalid condition id : UX DEVICE CLASS RTOS Condition cause : null
2024-01-25 11:14:23,394 [WARN] PackLoader:240 - Cannot read IP mode file for STMicroelectronics.X-CUBE-SUBG2.5.0.0
2024-01-25 11:14:23,420 [WARN] PackLoader:240 - Cannot read IP mode file for STMicroelectronics.X-CUBE-TOF1.3.3.1
2024-01-25 11:14:23,456 [WARN] PackLoader:240 - Cannot read IP mode file for STMicroelectronics.X-CUBE-AZRTOS-G4.2.0.0
2024-01-25 11:14:23,482 [WARN] PackLoader:240 - Cannot read IP mode file for Infineon.AIROC-Wi-Fi-Bluetooth-STM32.1.5.1
2024-01-25 11:14:23,499 [WARN] PackLoader:240 - Cannot read IP mode file for STMicroelectronics.FP-SNS-MOTENVWB1.1.3.0
2024-01-25 11:14:23,510 [WARN] PackLoader:240 - Cannot read IP mode file for STMicroelectronics.FP-SNS-MOTENVWB1.1.3.1
2024-01-25 11:14:23,524 [WARN] PackLoader:240 - Cannot read IP mode file for STMicroelectronics.X-CUBE-ISPU.2.0.0
2024-01-25 11:14:23,576 [WARN] PackLoader:240 - Cannot read IP mode file for STMicroelectronics.X-CUBE-MEMS1.10.0.0
2024-01-25 11:14:23,695 [WARN] PackLoader:240 - Cannot read IP mode file for STMicroelectronics.X-CUBE-FREERTOS.1.1.0
2024-01-25 11:14:23,708 [WARN] PackLoader:240 - Cannot read IP mode file for portGmbH.I-Cube-SoM-uGOAL.1.1.0
2024-01-25 11:14:23,721 [WARN] PackLoader:240 - Cannot read IP mode file for STMicroelectronics.FP-ATR-ASTRA1.2.0.0
2024-01-25 11:14:23,741 [WARN] PackLoader:240 - Cannot read IP mode file for STMicroelectronics.X-CUBE-TOF1.3.4.0
2024-01-25 11:14:23,781 [WARN] PackLoader:240 - Cannot read IP mode file for STMicroelectronics.X-CUBE-AZRTOS-H7.3.2.0
2024-01-25 11:14:23,783 [INFO] ThirdParty:978 - Integrity check success = true
2024-01-25 11:14:23,784 [INFO] IntegrityCheckThread:100 - exiting critical section [integrity check]
2024-01-25 11:14:23,784 [INFO] IntegrityCheckThread:103 - End integrity checks thread
2024-01-25 11:14:26,761 [INFO] WebApp:161 - Instantiating new browser for Auth
2024-01-25 11:14:27,921 [INFO] WebApp:780 - Register for checkConnection events
2024-01-25 11:14:27,922 [INFO] WebApp:414 - Apply proxy settings
2024-01-25 11:14:27,922 [INFO] WebApp:499 - Chromium requires no authentication
2024-01-25 11:14:27,949 [INFO] WebApp:442 - Direct internet connection detected
2024-01-25 11:14:28,565 [INFO] WebApp:192 - Starting web application
2024-01-25 11:14:28,565 [INFO] WebApp:544 - Web application path used C:\ST\STM32CubeIDE_1.10.1\STM32CubeIDE\plugins\com.st.stm32cube.common.mx_6.10.0.202311202037\db\plugins\mcufinder\reactClient1\index.html
2024-01-25 11:14:50,161 [ERROR] LogOutputStream:75 - [STDERR_REDIRECT] SLF4J: Failed to load class "org.slf4j.impl.StaticLoggerBinder".
2024-01-25 11:14:50,164 [ERROR] LogOutputStream:75 - [STDERR_REDIRECT] SLF4J: Defaulting to no-operation (NOP) logger implementation
2024-01-25 11:14:50,166 [ERROR] LogOutputStream:75 - [STDERR_REDIRECT] SLF4J: See http://www.slf4j.org/codes.html#StaticLoggerBinder for further details.
2024-01-25 11:16:07,122 [ERROR] LogOutputStream:75 - [STDERR_REDIRECT] 
2024-01-25 12:25:26,503 [INFO] Activator:176 - 


2024-01-25 12:25:26,505 [INFO] Activator:177 - !SESSION log4j initialized
2024-01-25 12:25:32,897 [INFO] LogOutputStream:77 - [STDOUT_REDIRECT] 
